# JRE version: Java(TM) SE Runtime Environment (25.0.2+10) (build 25.0.2+10-LTS-69)
# Java VM: Java HotSpot(TM) 64-Bit Server VM (25.0.2+10-LTS-69, mixed mode, emulated-client, sharing, tiered, compressed oops, compressed class ptrs, g1 gc, windows-amd64)
GC Precious Log:
 CardTable entry size: 512
 Card Set container configuration: InlinePtr #cards 5 size 8 Array Of Cards #cards 10 size 36 Howl #buckets 4 coarsen threshold 1843 Howl Bitmap #cards 512 size 80 coarsen threshold 460 Card regions per heap region 1 cards per card region 2048
 CPUs: 6 total, 6 available
 Memory: 7538M
 Large Page Support: Disabled
 NUMA Support: Disabled
 Compressed Oops: Enabled (32-bit)
 Heap Region Size: 1M
 Heap Min Capacity: 8M
 Heap Initial Capacity: 118M
 Heap Max Capacity: 512M
 Pre-touch: Disabled
 Parallel Workers: 6
 Concurrent Workers: 2
 Concurrent Refinement Workers: 6
 Periodic GC: Disabled
Heap:
 garbage-first heap   total reserved 524288K, committed 97280K, used 76043K [0x00000000e0000000, 0x0000000100000000)
  region size 1024K, 18 young (18432K), 4 survivors (4096K)
GC Heap Usage History (20 events):
Event: 24.522 {heap After GC invocations=23 (full 0):
 garbage-first heap   total reserved 524288K, committed 84992K, used 54431K [0x00000000e0000000, 0x0000000100000000)
  region size 1024K, 4 young (4096K), 4 survivors (4096K)
}
Event: 68.286 {heap Before GC invocations=24 (full 0):
 garbage-first heap   total reserved 524288K, committed 92160K, used 79007K [0x00000000e0000000, 0x0000000100000000)
  region size 1024K, 28 young (28672K), 4 survivors (4096K)
}
Event: 68.290 {heap After GC invocations=25 (full 0):
 garbage-first heap   total reserved 524288K, committed 92160K, used 56689K [0x00000000e0000000, 0x0000000100000000)
  region size 1024K, 4 young (4096K), 4 survivors (4096K)
}
Event: 218.661 {heap Before GC invocations=25 (full 0):
 garbage-first heap   total reserved 524288K, committed 92160K, used 83313K [0x00000000e0000000, 0x0000000100000000)
  region size 1024K, 30 young (30720K), 4 survivors (4096K)
}
Event: 218.664 {heap After GC invocations=26 (full 0):
 garbage-first heap   total reserved 524288K, committed 92160K, used 56490K [0x00000000e0000000, 0x0000000100000000)
  region size 1024K, 1 young (1024K), 1 survivors (1024K)
}
Event: 320.170 {heap Before GC invocations=26 (full 0):
 garbage-first heap   total reserved 524288K, committed 92160K, used 76970K [0x00000000e0000000, 0x0000000100000000)
  region size 1024K, 23 young (23552K), 1 survivors (1024K)
}
Event: 320.232 {heap After GC invocations=27 (full 1):
 garbage-first heap   total reserved 524288K, committed 92160K, used 39405K [0x00000000e0000000, 0x0000000100000000)
  region size 1024K, 0 young (0K), 0 survivors (0K)
}
Event: 320.590 {heap Before GC invocations=27 (full 1):
 garbage-first heap   total reserved 524288K, committed 92160K, used 77293K [0x00000000e0000000, 0x0000000100000000)
  region size 1024K, 38 young (38912K), 0 survivors (0K)
}
Event: 320.595 {heap After GC invocations=28 (full 1):
 garbage-first heap   total reserved 524288K, committed 92160K, used 47372K [0x00000000e0000000, 0x0000000100000000)
  region size 1024K, 5 young (5120K), 5 survivors (5120K)
}
Event: 320.928 {heap Before GC invocations=29 (full 1):
 garbage-first heap   total reserved 524288K, committed 92160K, used 79116K [0x00000000e0000000, 0x0000000100000000)
  region size 1024K, 36 young (36864K), 5 survivors (5120K)
}
Event: 320.933 {heap After GC invocations=30 (full 1):
 garbage-first heap   total reserved 524288K, committed 92160K, used 52023K [0x00000000e0000000, 0x0000000100000000)
  region size 1024K, 5 young (5120K), 5 survivors (5120K)
}
Event: 321.142 {heap Before GC invocations=30 (full 1):
 garbage-first heap   total reserved 524288K, committed 92160K, used 79671K [0x00000000e0000000, 0x0000000100000000)
  region size 1024K, 32 young (32768K), 5 survivors (5120K)
}
Event: 321.146 {heap After GC invocations=31 (full 1):
 garbage-first heap   total reserved 524288K, committed 92160K, used 53995K [0x00000000e0000000, 0x0000000100000000)
  region size 1024K, 2 young (2048K), 2 survivors (2048K)
}
Event: 321.365 {heap Before GC invocations=31 (full 1):
 garbage-first heap   total reserved 524288K, committed 92160K, used 81643K [0x00000000e0000000, 0x0000000100000000)
  region size 1024K, 29 young (29696K), 2 survivors (2048K)
}
Event: 321.369 {heap After GC invocations=32 (full 1):
 garbage-first heap   total reserved 524288K, committed 92160K, used 56717K [0x00000000e0000000, 0x0000000100000000)
  region size 1024K, 4 young (4096K), 4 survivors (4096K)
}
Event: 321.590 {heap Before GC invocations=33 (full 1):
 garbage-first heap   total reserved 524288K, committed 97280K, used 84365K [0x00000000e0000000, 0x0000000100000000)
  region size 1024K, 29 young (29696K), 4 survivors (4096K)
}
Event: 321.595 {heap After GC invocations=34 (full 1):
 garbage-first heap   total reserved 524288K, committed 97280K, used 61482K [0x00000000e0000000, 0x0000000100000000)
  region size 1024K, 3 young (3072K), 3 survivors (3072K)
}
Event: 321.792 {heap Before GC invocations=34 (full 1):
 garbage-first heap   total reserved 524288K, committed 97280K, used 87082K [0x00000000e0000000, 0x0000000100000000)
  region size 1024K, 28 young (28672K), 3 survivors (3072K)
}
Event: 321.795 {heap After GC invocations=35 (full 1):
 garbage-first heap   total reserved 524288K, committed 97280K, used 62731K [0x00000000e0000000, 0x0000000100000000)
  region size 1024K, 4 young (4096K), 4 survivors (4096K)
}
Event: 329.646 {heap Before GC invocations=35 (full 1):
 garbage-first heap   total reserved 524288K, committed 97280K, used 76043K [0x00000000e0000000, 0x0000000100000000)
  region size 1024K, 18 young (18432K), 4 survivors (4096K)
}

